<?xml version="1.0" encoding="utf-8"?>
<TestRun id="7f7bcd90-be64-4049-a21d-3a81595d7522" name="PavelPopov@DESKTOP-LJV2VHH 2021-03-07 17:06:19" runUser="AzureAD\PavelPopov" xmlns="http://microsoft.com/schemas/VisualStudio/TeamTest/2010">
  <Times creation="2021-03-07T17:06:19.6853546+02:00" queuing="2021-03-07T17:06:19.6853563+02:00" start="2021-03-07T17:05:46.0623987+02:00" finish="2021-03-07T17:06:26.0198094+02:00" />
  <TestSettings name="default" id="8425f2eb-a133-4caa-b5ce-00a7f8406c42">
    <Deployment runDeploymentRoot="PavelPopov_DESKTOP-LJV2VHH_2021-03-07_17_06_19" />
  </TestSettings>
  <Results>
    <UnitTestResult executionId="fc3db233-afcc-4ce0-b7c7-5fb612f39d7b" testId="5fe384e7-27d7-3ad7-8e11-d30712949649" testName="OpenHomePage" computerName="DESKTOP-LJV2VHH" duration="00:00:15.5043610" startTime="2021-03-07T17:06:03.0808516+02:00" endTime="2021-03-07T17:06:18.5850174+02:00" testType="13cdc9d9-ddb5-4fa4-a97d-d965ccfc6d4b" outcome="Passed" testListId="8c84fa94-04c1-424b-9868-57a2d4851a1d" relativeResultsDirectory="fc3db233-afcc-4ce0-b7c7-5fb612f39d7b">
      <Output>
        <StdOut>E:\SoftUni\SoftUni\SoftUni\Resources\logger-config.xml</StdOut>
      </Output>
    </UnitTestResult>
  </Results>
  <TestDefinitions>
    <UnitTest name="OpenHomePage" storage="e:\softuni\softuni\softuni\bin\debug\netcoreapp3.1\softuni.dll" id="5fe384e7-27d7-3ad7-8e11-d30712949649">
      <Execution id="fc3db233-afcc-4ce0-b7c7-5fb612f39d7b" />
      <TestMethod codeBase="E:\SoftUni\SoftUni\SoftUni\bin\Debug\netcoreapp3.1\SoftUni.dll" adapterTypeName="executor://nunit3testexecutor/" className="SoftUni.Test" name="OpenHomePage" />
    </UnitTest>
  </TestDefinitions>
  <TestEntries>
    <TestEntry testId="5fe384e7-27d7-3ad7-8e11-d30712949649" executionId="fc3db233-afcc-4ce0-b7c7-5fb612f39d7b" testListId="8c84fa94-04c1-424b-9868-57a2d4851a1d" />
  </TestEntries>
  <TestLists>
    <TestList name="Results Not in a List" id="8c84fa94-04c1-424b-9868-57a2d4851a1d" />
    <TestList name="All Loaded Results" id="19431567-8539-422a-85d7-44ee4e166bda" />
  </TestLists>
  <ResultSummary outcome="Completed">
    <Counters total="1" executed="1" passed="1" failed="0" error="0" timeout="0" aborted="0" inconclusive="0" passedButRunAborted="0" notRunnable="0" notExecuted="0" disconnected="0" warning="0" completed="0" inProgress="0" pending="0" />
    <Output>
      <StdOut>NUnit Adapter 3.17.0.0: Test execution started&#xD;
Running all tests in E:\SoftUni\SoftUni\SoftUni\bin\Debug\netcoreapp3.1\SoftUni.dll&#xD;
   NUnit3TestExecutor discovered 1 of 1 NUnit test cases&#xD;
E:\SoftUni\SoftUni\SoftUni\Resources\logger-config.xml&#xD;
&#xD;
NUnit Adapter 3.17.0.0: Test execution complete&#xD;
</StdOut>
    </Output>
  </ResultSummary>
</TestRun>