<?xml version="1.0" encoding="utf-8"?>
<TestRun id="5e9ef792-261f-4d60-b4bd-d8a69621aa2f" name="PavelPopov@DESKTOP-LJV2VHH 2021-03-05 01:38:49" runUser="AzureAD\PavelPopov" xmlns="http://microsoft.com/schemas/VisualStudio/TeamTest/2010">
  <Times creation="2021-03-05T01:38:49.9171239+02:00" queuing="2021-03-05T01:38:49.9171247+02:00" start="2021-03-05T01:38:48.3812481+02:00" finish="2021-03-05T01:38:49.9230198+02:00" />
  <TestSettings name="default" id="d9e566b5-9b23-4a4b-bc6c-3806913501cd">
    <Deployment runDeploymentRoot="PavelPopov_DESKTOP-LJV2VHH_2021-03-05_01_38_49" />
  </TestSettings>
  <Results>
    <UnitTestResult executionId="c37533ab-4832-459c-9071-513bf75ad895" testId="5fe384e7-27d7-3ad7-8e11-d30712949649" testName="OpenHomePage" computerName="DESKTOP-LJV2VHH" duration="00:00:00.7150200" startTime="2021-03-05T01:38:49.0622542+02:00" endTime="2021-03-05T01:38:49.7772671+02:00" testType="13cdc9d9-ddb5-4fa4-a97d-d965ccfc6d4b" outcome="Failed" testListId="8c84fa94-04c1-424b-9868-57a2d4851a1d" relativeResultsDirectory="c37533ab-4832-459c-9071-513bf75ad895">
      <Output>
        <ErrorInfo>
          <Message>OneTimeSetUp: System.InvalidOperationException : session not created: This version of ChromeDriver only supports Chrome version 84 (SessionNotCreated)</Message>
        </ErrorInfo>
      </Output>
    </UnitTestResult>
  </Results>
  <TestDefinitions>
    <UnitTest name="OpenHomePage" storage="e:\softuni\softuni\softuni\bin\debug\netcoreapp3.1\softuni.dll" id="5fe384e7-27d7-3ad7-8e11-d30712949649">
      <Execution id="c37533ab-4832-459c-9071-513bf75ad895" />
      <TestMethod codeBase="E:\SoftUni\SoftUni\SoftUni\bin\Debug\netcoreapp3.1\SoftUni.dll" adapterTypeName="executor://nunit3testexecutor/" className="SoftUni.Test" name="OpenHomePage" />
    </UnitTest>
  </TestDefinitions>
  <TestEntries>
    <TestEntry testId="5fe384e7-27d7-3ad7-8e11-d30712949649" executionId="c37533ab-4832-459c-9071-513bf75ad895" testListId="8c84fa94-04c1-424b-9868-57a2d4851a1d" />
  </TestEntries>
  <TestLists>
    <TestList name="Results Not in a List" id="8c84fa94-04c1-424b-9868-57a2d4851a1d" />
    <TestList name="All Loaded Results" id="19431567-8539-422a-85d7-44ee4e166bda" />
  </TestLists>
  <ResultSummary outcome="Failed">
    <Counters total="1" executed="1" passed="0" failed="1" error="0" timeout="0" aborted="0" inconclusive="0" passedButRunAborted="0" notRunnable="0" notExecuted="0" disconnected="0" warning="0" completed="0" inProgress="0" pending="0" />
    <Output>
      <StdOut>NUnit Adapter 3.17.0.0: Test execution started&#xD;
Running all tests in E:\SoftUni\SoftUni\SoftUni\bin\Debug\netcoreapp3.1\SoftUni.dll&#xD;
   NUnit3TestExecutor discovered 1 of 1 NUnit test cases&#xD;
NUnit Adapter 3.17.0.0: Test execution complete&#xD;
</StdOut>
    </Output>
    <RunInfos>
      <RunInfo computerName="DESKTOP-LJV2VHH" outcome="Warning" timestamp="2021-03-05T01:38:49.0634881+02:00">
        <Text>Setup failed for test fixture SoftUni.HomePage</Text>
      </RunInfo>
      <RunInfo computerName="DESKTOP-LJV2VHH" outcome="Warning" timestamp="2021-03-05T01:38:49.0639835+02:00">
        <Text>No suitable constructor was found</Text>
      </RunInfo>
      <RunInfo computerName="DESKTOP-LJV2VHH" outcome="Warning" timestamp="2021-03-05T01:38:49.7887115+02:00">
        <Text>TearDown failed for test fixture SoftUni.Test</Text>
      </RunInfo>
      <RunInfo computerName="DESKTOP-LJV2VHH" outcome="Warning" timestamp="2021-03-05T01:38:49.7892368+02:00">
        <Text>System.InvalidOperationException : session not created: This version of ChromeDriver only supports Chrome version 84 (SessionNotCreated)&#xD;
TearDown : System.NullReferenceException : Object reference not set to an instance of an object.</Text>
      </RunInfo>
    </RunInfos>
  </ResultSummary>
</TestRun>