<?xml version="1.0" encoding="utf-8"?>
<TestRun id="ef941495-e3dc-4b4d-b33a-2fcb6c2ef019" name="PavelPopov@DESKTOP-LJV2VHH 2021-03-05 01:32:01" runUser="AzureAD\PavelPopov" xmlns="http://microsoft.com/schemas/VisualStudio/TeamTest/2010">
  <Times creation="2021-03-05T01:32:01.0681600+02:00" queuing="2021-03-05T01:32:01.0681610+02:00" start="2021-03-05T01:31:59.1834229+02:00" finish="2021-03-05T01:32:01.0785247+02:00" />
  <TestSettings name="default" id="f6bddde4-84b8-4500-a3d7-387f929da120">
    <Deployment runDeploymentRoot="PavelPopov_DESKTOP-LJV2VHH_2021-03-05_01_32_01" />
  </TestSettings>
  <Results>
    <UnitTestResult executionId="2a79a4fa-83d0-4548-ac29-18c4f3fe7970" testId="5fe384e7-27d7-3ad7-8e11-d30712949649" testName="OpenHomePage" computerName="DESKTOP-LJV2VHH" duration="00:00:00.9998390" startTime="2021-03-05T01:31:59.9293844+02:00" endTime="2021-03-05T01:32:00.9292171+02:00" testType="13cdc9d9-ddb5-4fa4-a97d-d965ccfc6d4b" outcome="Failed" testListId="8c84fa94-04c1-424b-9868-57a2d4851a1d" relativeResultsDirectory="2a79a4fa-83d0-4548-ac29-18c4f3fe7970">
      <Output>
        <ErrorInfo>
          <Message>OneTimeSetUp: System.InvalidOperationException : session not created: This version of ChromeDriver only supports Chrome version 84 (SessionNotCreated)</Message>
        </ErrorInfo>
      </Output>
    </UnitTestResult>
  </Results>
  <TestDefinitions>
    <UnitTest name="OpenHomePage" storage="e:\softuni\softuni\softuni\bin\debug\netcoreapp3.1\softuni.dll" id="5fe384e7-27d7-3ad7-8e11-d30712949649">
      <Execution id="2a79a4fa-83d0-4548-ac29-18c4f3fe7970" />
      <TestMethod codeBase="E:\SoftUni\SoftUni\SoftUni\bin\Debug\netcoreapp3.1\SoftUni.dll" adapterTypeName="executor://nunit3testexecutor/" className="SoftUni.Test" name="OpenHomePage" />
    </UnitTest>
  </TestDefinitions>
  <TestEntries>
    <TestEntry testId="5fe384e7-27d7-3ad7-8e11-d30712949649" executionId="2a79a4fa-83d0-4548-ac29-18c4f3fe7970" testListId="8c84fa94-04c1-424b-9868-57a2d4851a1d" />
  </TestEntries>
  <TestLists>
    <TestList name="Results Not in a List" id="8c84fa94-04c1-424b-9868-57a2d4851a1d" />
    <TestList name="All Loaded Results" id="19431567-8539-422a-85d7-44ee4e166bda" />
  </TestLists>
  <ResultSummary outcome="Failed">
    <Counters total="1" executed="1" passed="0" failed="1" error="0" timeout="0" aborted="0" inconclusive="0" passedButRunAborted="0" notRunnable="0" notExecuted="0" disconnected="0" warning="0" completed="0" inProgress="0" pending="0" />
    <Output>
      <StdOut>NUnit Adapter 3.17.0.0: Test execution started&#xD;
Running all tests in E:\SoftUni\SoftUni\SoftUni\bin\Debug\netcoreapp3.1\SoftUni.dll&#xD;
   NUnit3TestExecutor discovered 1 of 1 NUnit test cases&#xD;
NUnit Adapter 3.17.0.0: Test execution complete&#xD;
</StdOut>
    </Output>
    <RunInfos>
      <RunInfo computerName="DESKTOP-LJV2VHH" outcome="Warning" timestamp="2021-03-05T01:31:59.9305444+02:00">
        <Text>Setup failed for test fixture SoftUni.HomePage</Text>
      </RunInfo>
      <RunInfo computerName="DESKTOP-LJV2VHH" outcome="Warning" timestamp="2021-03-05T01:31:59.9312908+02:00">
        <Text>No suitable constructor was found</Text>
      </RunInfo>
      <RunInfo computerName="DESKTOP-LJV2VHH" outcome="Warning" timestamp="2021-03-05T01:32:00.9424674+02:00">
        <Text>TearDown failed for test fixture SoftUni.Test</Text>
      </RunInfo>
      <RunInfo computerName="DESKTOP-LJV2VHH" outcome="Warning" timestamp="2021-03-05T01:32:00.9427647+02:00">
        <Text>System.InvalidOperationException : session not created: This version of ChromeDriver only supports Chrome version 84 (SessionNotCreated)&#xD;
TearDown : System.NullReferenceException : Object reference not set to an instance of an object.</Text>
      </RunInfo>
    </RunInfos>
  </ResultSummary>
</TestRun>