<?xml version="1.0" encoding="utf-8"?>
<TestRun id="2ca933a0-86bf-44b9-b5ca-51a0d780f0e0" name="PavelPopov@DESKTOP-LJV2VHH 2021-03-03 22:44:21" runUser="AzureAD\PavelPopov" xmlns="http://microsoft.com/schemas/VisualStudio/TeamTest/2010">
  <Times creation="2021-03-03T22:44:21.9595988+02:00" queuing="2021-03-03T22:44:21.9595996+02:00" start="2021-03-03T22:44:11.9496514+02:00" finish="2021-03-03T22:44:21.9667581+02:00" />
  <TestSettings name="default" id="559509c8-bdfe-4da5-b42f-af6bf4cb1227">
    <Deployment runDeploymentRoot="PavelPopov_DESKTOP-LJV2VHH_2021-03-03_22_44_21" />
  </TestSettings>
  <Results>
    <UnitTestResult executionId="575d688d-8914-48f4-a3a9-d402824be9f9" testId="b02329fa-cc03-52db-93ff-8ac42ccb0eae" testName="TestOpen" computerName="DESKTOP-LJV2VHH" duration="00:00:00.0175410" startTime="2021-03-03T22:44:21.8467937+02:00" endTime="2021-03-03T22:44:21.8642169+02:00" testType="13cdc9d9-ddb5-4fa4-a97d-d965ccfc6d4b" outcome="Failed" testListId="8c84fa94-04c1-424b-9868-57a2d4851a1d" relativeResultsDirectory="575d688d-8914-48f4-a3a9-d402824be9f9">
      <Output>
        <ErrorInfo>
          <Message>System.NullReferenceException : Object reference not set to an instance of an object.</Message>
          <StackTrace>   at AutomationTestLab.HomePage.OpenHomePage() in E:\SoftUni\SoftUniProject\AutomationTestLab\Pages\HomePage.cs:line 37&#xD;
   at AutomationTestLab.Test.TestOpen() in E:\SoftUni\SoftUniProject\AutomationTestLab\Tests\Test.cs:line 20</StackTrace>
        </ErrorInfo>
      </Output>
    </UnitTestResult>
  </Results>
  <TestDefinitions>
    <UnitTest name="TestOpen" storage="e:\softuni\softuniproject\automationtestlab\bin\debug\netcoreapp3.1\automationtestlab.dll" id="b02329fa-cc03-52db-93ff-8ac42ccb0eae">
      <Execution id="575d688d-8914-48f4-a3a9-d402824be9f9" />
      <TestMethod codeBase="E:\SoftUni\SoftUniProject\AutomationTestLab\bin\Debug\netcoreapp3.1\AutomationTestLab.dll" adapterTypeName="executor://nunit3testexecutor/" className="AutomationTestLab.Test" name="TestOpen" />
    </UnitTest>
  </TestDefinitions>
  <TestEntries>
    <TestEntry testId="b02329fa-cc03-52db-93ff-8ac42ccb0eae" executionId="575d688d-8914-48f4-a3a9-d402824be9f9" testListId="8c84fa94-04c1-424b-9868-57a2d4851a1d" />
  </TestEntries>
  <TestLists>
    <TestList name="Results Not in a List" id="8c84fa94-04c1-424b-9868-57a2d4851a1d" />
    <TestList name="All Loaded Results" id="19431567-8539-422a-85d7-44ee4e166bda" />
  </TestLists>
  <ResultSummary outcome="Failed">
    <Counters total="1" executed="1" passed="0" failed="1" error="0" timeout="0" aborted="0" inconclusive="0" passedButRunAborted="0" notRunnable="0" notExecuted="0" disconnected="0" warning="0" completed="0" inProgress="0" pending="0" />
    <Output>
      <StdOut>NUnit Adapter 3.17.0.0: Test execution started&#xD;
Running all tests in E:\SoftUni\SoftUniProject\AutomationTestLab\bin\Debug\netcoreapp3.1\AutomationTestLab.dll&#xD;
   NUnit3TestExecutor discovered 1 of 1 NUnit test cases&#xD;
NUnit Adapter 3.17.0.0: Test execution complete&#xD;
</StdOut>
    </Output>
  </ResultSummary>
</TestRun>