<?xml version="1.0" encoding="utf-8"?>
<TestRun id="7cfb5978-566c-4bfc-8df7-76873afe6bcf" name="PavelPopov@DESKTOP-LJV2VHH 2021-03-03 22:04:25" runUser="AzureAD\PavelPopov" xmlns="http://microsoft.com/schemas/VisualStudio/TeamTest/2010">
  <Times creation="2021-03-03T22:04:25.1357957+02:00" queuing="2021-03-03T22:04:25.1357965+02:00" start="2021-03-03T22:04:19.9700077+02:00" finish="2021-03-03T22:04:25.1416002+02:00" />
  <TestSettings name="default" id="e7c8e563-ea4d-451b-a73d-c3a49c254a11">
    <Deployment runDeploymentRoot="PavelPopov_DESKTOP-LJV2VHH_2021-03-03_22_04_25" />
  </TestSettings>
  <Results>
    <UnitTestResult executionId="1c7e459f-c85f-4737-8ad8-a2ea1a5d875e" testId="b02329fa-cc03-52db-93ff-8ac42ccb0eae" testName="TestOpen" computerName="DESKTOP-LJV2VHH" duration="00:00:04.2964620" startTime="2021-03-03T22:04:20.7222939+02:00" endTime="2021-03-03T22:04:25.0187494+02:00" testType="13cdc9d9-ddb5-4fa4-a97d-d965ccfc6d4b" outcome="Failed" testListId="8c84fa94-04c1-424b-9868-57a2d4851a1d" relativeResultsDirectory="1c7e459f-c85f-4737-8ad8-a2ea1a5d875e">
      <Output>
        <ErrorInfo>
          <Message>OneTimeSetUp: System.InvalidOperationException : Expected browser binary location, but unable to find binary in default location, no 'moz:firefoxOptions.binary' capability provided, and no binary flag set on the command line (SessionNotCreated)</Message>
        </ErrorInfo>
      </Output>
    </UnitTestResult>
  </Results>
  <TestDefinitions>
    <UnitTest name="TestOpen" storage="e:\softuni\softuniproject\automationtestlab\bin\debug\netcoreapp3.1\automationtestlab.dll" id="b02329fa-cc03-52db-93ff-8ac42ccb0eae">
      <Execution id="1c7e459f-c85f-4737-8ad8-a2ea1a5d875e" />
      <TestMethod codeBase="E:\SoftUni\SoftUniProject\AutomationTestLab\bin\Debug\netcoreapp3.1\AutomationTestLab.dll" adapterTypeName="executor://nunit3testexecutor/" className="AutomationTestLab.Test" name="TestOpen" />
    </UnitTest>
  </TestDefinitions>
  <TestEntries>
    <TestEntry testId="b02329fa-cc03-52db-93ff-8ac42ccb0eae" executionId="1c7e459f-c85f-4737-8ad8-a2ea1a5d875e" testListId="8c84fa94-04c1-424b-9868-57a2d4851a1d" />
  </TestEntries>
  <TestLists>
    <TestList name="Results Not in a List" id="8c84fa94-04c1-424b-9868-57a2d4851a1d" />
    <TestList name="All Loaded Results" id="19431567-8539-422a-85d7-44ee4e166bda" />
  </TestLists>
  <ResultSummary outcome="Failed">
    <Counters total="1" executed="1" passed="0" failed="1" error="0" timeout="0" aborted="0" inconclusive="0" passedButRunAborted="0" notRunnable="0" notExecuted="0" disconnected="0" warning="0" completed="0" inProgress="0" pending="0" />
    <Output>
      <StdOut>NUnit Adapter 3.17.0.0: Test execution started&#xD;
Running all tests in E:\SoftUni\SoftUniProject\AutomationTestLab\bin\Debug\netcoreapp3.1\AutomationTestLab.dll&#xD;
   NUnit3TestExecutor discovered 1 of 1 NUnit test cases&#xD;
NUnit Adapter 3.17.0.0: Test execution complete&#xD;
</StdOut>
    </Output>
    <RunInfos>
      <RunInfo computerName="DESKTOP-LJV2VHH" outcome="Warning" timestamp="2021-03-03T22:04:20.7234198+02:00">
        <Text>Setup failed for test fixture AutomationTestLab.HomePage</Text>
      </RunInfo>
      <RunInfo computerName="DESKTOP-LJV2VHH" outcome="Warning" timestamp="2021-03-03T22:04:20.7237702+02:00">
        <Text>No suitable constructor was found</Text>
      </RunInfo>
      <RunInfo computerName="DESKTOP-LJV2VHH" outcome="Warning" timestamp="2021-03-03T22:04:25.0285866+02:00">
        <Text>Setup failed for test fixture AutomationTestLab.Test</Text>
      </RunInfo>
      <RunInfo computerName="DESKTOP-LJV2VHH" outcome="Warning" timestamp="2021-03-03T22:04:25.0290267+02:00">
        <Text>System.InvalidOperationException : Expected browser binary location, but unable to find binary in default location, no 'moz:firefoxOptions.binary' capability provided, and no binary flag set on the command line (SessionNotCreated)</Text>
      </RunInfo>
    </RunInfos>
  </ResultSummary>
</TestRun>