<?xml version="1.0" encoding="utf-8"?>
<TestRun id="54e39d55-a0db-49d2-8a75-d9be42aa9c07" name="PavelPopov@DESKTOP-LJV2VHH 2021-03-04 01:48:41" runUser="AzureAD\PavelPopov" xmlns="http://microsoft.com/schemas/VisualStudio/TeamTest/2010">
  <Times creation="2021-03-04T01:48:41.4468601+02:00" queuing="2021-03-04T01:48:41.4468608+02:00" start="2021-03-04T01:48:29.2229904+02:00" finish="2021-03-04T01:48:42.6449722+02:00" />
  <TestSettings name="default" id="2936632b-8eb7-41ab-898a-142f8dac3532">
    <Deployment runDeploymentRoot="PavelPopov_DESKTOP-LJV2VHH_2021-03-04_01_48_41" />
  </TestSettings>
  <Results>
    <UnitTestResult executionId="6c7f74fe-7e21-4025-ab0c-b0be98821418" testId="a099e8e9-3ad2-cefc-9185-a5d7b761c859" testName="OpenHomePage" computerName="DESKTOP-LJV2VHH" duration="00:00:00.0174150" startTime="2021-03-04T01:48:39.8694932+02:00" endTime="2021-03-04T01:48:39.8869096+02:00" testType="13cdc9d9-ddb5-4fa4-a97d-d965ccfc6d4b" outcome="Failed" testListId="8c84fa94-04c1-424b-9868-57a2d4851a1d" relativeResultsDirectory="6c7f74fe-7e21-4025-ab0c-b0be98821418">
      <Output>
        <ErrorInfo>
          <Message>System.ArgumentNullException : Argument 'url' cannot be null. (Parameter 'value')</Message>
          <StackTrace>   at OpenQA.Selenium.Remote.RemoteWebDriver.set_Url(String value)&#xD;
   at AutomationTestLab.HomePage.OpenHomePage() in E:\SoftUni\SoftUniProject\AutomationTestLab\Pages\HomePage.cs:line 38&#xD;
   at AutomationTestLab.Test.OpenHomePage() in E:\SoftUni\SoftUniProject\AutomationTestLab\Tests\Test.cs:line 15</StackTrace>
        </ErrorInfo>
      </Output>
    </UnitTestResult>
  </Results>
  <TestDefinitions>
    <UnitTest name="OpenHomePage" storage="e:\softuni\softuniproject\automationtestlab\bin\debug\netcoreapp3.1\automationtestlab.dll" id="a099e8e9-3ad2-cefc-9185-a5d7b761c859">
      <Execution id="6c7f74fe-7e21-4025-ab0c-b0be98821418" />
      <TestMethod codeBase="E:\SoftUni\SoftUniProject\AutomationTestLab\bin\Debug\netcoreapp3.1\AutomationTestLab.dll" adapterTypeName="executor://nunit3testexecutor/" className="AutomationTestLab.Test" name="OpenHomePage" />
    </UnitTest>
  </TestDefinitions>
  <TestEntries>
    <TestEntry testId="a099e8e9-3ad2-cefc-9185-a5d7b761c859" executionId="6c7f74fe-7e21-4025-ab0c-b0be98821418" testListId="8c84fa94-04c1-424b-9868-57a2d4851a1d" />
  </TestEntries>
  <TestLists>
    <TestList name="Results Not in a List" id="8c84fa94-04c1-424b-9868-57a2d4851a1d" />
    <TestList name="All Loaded Results" id="19431567-8539-422a-85d7-44ee4e166bda" />
  </TestLists>
  <ResultSummary outcome="Failed">
    <Counters total="1" executed="1" passed="0" failed="1" error="0" timeout="0" aborted="0" inconclusive="0" passedButRunAborted="0" notRunnable="0" notExecuted="0" disconnected="0" warning="0" completed="0" inProgress="0" pending="0" />
    <Output>
      <StdOut>NUnit Adapter 3.17.0.0: Test execution started&#xD;
Running all tests in E:\SoftUni\SoftUniProject\AutomationTestLab\bin\Debug\netcoreapp3.1\AutomationTestLab.dll&#xD;
   NUnit3TestExecutor discovered 1 of 1 NUnit test cases&#xD;
NUnit Adapter 3.17.0.0: Test execution complete&#xD;
</StdOut>
    </Output>
    <RunInfos>
      <RunInfo computerName="DESKTOP-LJV2VHH" outcome="Warning" timestamp="2021-03-04T01:48:30.4083806+02:00">
        <Text>Setup failed for test fixture AutomationTestLab.HomePage</Text>
      </RunInfo>
      <RunInfo computerName="DESKTOP-LJV2VHH" outcome="Warning" timestamp="2021-03-04T01:48:30.4091996+02:00">
        <Text>No suitable constructor was found</Text>
      </RunInfo>
    </RunInfos>
  </ResultSummary>
</TestRun>