<?xml version="1.0" encoding="utf-8"?>
<TestRun id="0b9b18d2-9cbf-4350-94af-61fa172b3035" name="PavelPopov@DESKTOP-LJV2VHH 2021-03-04 01:51:01" runUser="AzureAD\PavelPopov" xmlns="http://microsoft.com/schemas/VisualStudio/TeamTest/2010">
  <Times creation="2021-03-04T01:51:01.2706114+02:00" queuing="2021-03-04T01:51:01.2706120+02:00" start="2021-03-04T01:50:49.8454661+02:00" finish="2021-03-04T01:51:02.4878649+02:00" />
  <TestSettings name="default" id="fbf01f6c-bf50-4cdd-a5d7-e302088b637c">
    <Deployment runDeploymentRoot="PavelPopov_DESKTOP-LJV2VHH_2021-03-04_01_51_01" />
  </TestSettings>
  <Results>
    <UnitTestResult executionId="c9abafe8-f822-4528-9bde-b4063a79174b" testId="a099e8e9-3ad2-cefc-9185-a5d7b761c859" testName="OpenHomePage" computerName="DESKTOP-LJV2VHH" duration="00:00:00.0184200" startTime="2021-03-04T01:50:59.6934115+02:00" endTime="2021-03-04T01:50:59.7118310+02:00" testType="13cdc9d9-ddb5-4fa4-a97d-d965ccfc6d4b" outcome="Failed" testListId="8c84fa94-04c1-424b-9868-57a2d4851a1d" relativeResultsDirectory="c9abafe8-f822-4528-9bde-b4063a79174b">
      <Output>
        <ErrorInfo>
          <Message>System.ArgumentNullException : Argument 'url' cannot be null. (Parameter 'value')</Message>
          <StackTrace>   at OpenQA.Selenium.Remote.RemoteWebDriver.set_Url(String value)&#xD;
   at AutomationTestLab.HomePage.OpenHomePage() in E:\SoftUni\SoftUniProject\AutomationTestLab\Pages\HomePage.cs:line 36&#xD;
   at AutomationTestLab.Test.OpenHomePage() in E:\SoftUni\SoftUniProject\AutomationTestLab\Tests\Test.cs:line 15</StackTrace>
        </ErrorInfo>
      </Output>
    </UnitTestResult>
  </Results>
  <TestDefinitions>
    <UnitTest name="OpenHomePage" storage="e:\softuni\softuniproject\automationtestlab\bin\debug\netcoreapp3.1\automationtestlab.dll" id="a099e8e9-3ad2-cefc-9185-a5d7b761c859">
      <Execution id="c9abafe8-f822-4528-9bde-b4063a79174b" />
      <TestMethod codeBase="E:\SoftUni\SoftUniProject\AutomationTestLab\bin\Debug\netcoreapp3.1\AutomationTestLab.dll" adapterTypeName="executor://nunit3testexecutor/" className="AutomationTestLab.Test" name="OpenHomePage" />
    </UnitTest>
  </TestDefinitions>
  <TestEntries>
    <TestEntry testId="a099e8e9-3ad2-cefc-9185-a5d7b761c859" executionId="c9abafe8-f822-4528-9bde-b4063a79174b" testListId="8c84fa94-04c1-424b-9868-57a2d4851a1d" />
  </TestEntries>
  <TestLists>
    <TestList name="Results Not in a List" id="8c84fa94-04c1-424b-9868-57a2d4851a1d" />
    <TestList name="All Loaded Results" id="19431567-8539-422a-85d7-44ee4e166bda" />
  </TestLists>
  <ResultSummary outcome="Failed">
    <Counters total="1" executed="1" passed="0" failed="1" error="0" timeout="0" aborted="0" inconclusive="0" passedButRunAborted="0" notRunnable="0" notExecuted="0" disconnected="0" warning="0" completed="0" inProgress="0" pending="0" />
    <Output>
      <StdOut>NUnit Adapter 3.17.0.0: Test execution started&#xD;
Running all tests in E:\SoftUni\SoftUniProject\AutomationTestLab\bin\Debug\netcoreapp3.1\AutomationTestLab.dll&#xD;
   NUnit3TestExecutor discovered 1 of 1 NUnit test cases&#xD;
NUnit Adapter 3.17.0.0: Test execution complete&#xD;
</StdOut>
    </Output>
    <RunInfos>
      <RunInfo computerName="DESKTOP-LJV2VHH" outcome="Warning" timestamp="2021-03-04T01:50:50.4640027+02:00">
        <Text>Setup failed for test fixture AutomationTestLab.HomePage</Text>
      </RunInfo>
      <RunInfo computerName="DESKTOP-LJV2VHH" outcome="Warning" timestamp="2021-03-04T01:50:50.4645301+02:00">
        <Text>No suitable constructor was found</Text>
      </RunInfo>
    </RunInfos>
  </ResultSummary>
</TestRun>